<?xml version="1.0" encoding="UTF-8" ?>
<testsuite tests="1" failures="0" name="com.oltpbenchmark.util.TestFileUtil" time="0.005" errors="0" skipped="0">
  <properties>
    <property name="java.vendor" value="Oracle Corporation"/>
    <property name="sun.java.launcher" value="SUN_STANDARD"/>
    <property name="sun.management.compiler" value="HotSpot 64-Bit Tiered Compilers"/>
    <property name="git.commit.id.describe" value="d9bfb78"/>
    <property name="os.name" value="Linux"/>
    <property name="sun.io.serialization.extendedDebugInfo" value="true"/>
    <property name="java.vm.specification.vendor" value="Oracle Corporation"/>
    <property name="java.runtime.version" value="21.0.2+13-LTS-58"/>
    <property name="user.name" value="rohit"/>
    <property name="guice.disable.misplaced.annotation.check" value="true"/>
    <property name="stdout.encoding" value="UTF-8"/>
    <property name="user.language" value="en"/>
    <property name="sun.boot.library.path" value="/usr/lib/jvm/jdk-21-oracle-x64/lib"/>
    <property name="classworlds.conf" value="/home/rohit/.m2/wrapper/dists/apache-maven-3.8.4-bin/52ccbt68d252mdldqsfsn03jlf/apache-maven-3.8.4/bin/m2.conf"/>
    <property name="git.build.user.name" value="Rohit"/>
    <property name="java.vm.compressedOopsMode" value="Zero based"/>
    <property name="java.version" value="21.0.2"/>
    <property name="user.timezone" value="Asia/Kolkata"/>
    <property name="git.local.branch.behind" value="0"/>
    <property name="git.remote.origin.url" value="https://github.com/cmu-db/benchbase.git"/>
    <property name="sun.arch.data.model" value="64"/>
    <property name="git.build.version" value="2023-SNAPSHOT"/>
    <property name="sun.jnu.encoding" value="UTF-8"/>
    <property name="file.separator" value="/"/>
    <property name="java.specification.name" value="Java Platform API Specification"/>
    <property name="maven.conf" value="/home/rohit/.m2/wrapper/dists/apache-maven-3.8.4-bin/52ccbt68d252mdldqsfsn03jlf/apache-maven-3.8.4/conf"/>
    <property name="java.class.version" value="65.0"/>
    <property name="git.commit.message.full" value="Bump com.google.cloud:google-cloud-spanner-jdbc from 2.15.4 to 2.15.5 (#474)

Bumps
[com.google.cloud:google-cloud-spanner-jdbc](https://github.com/googleapis/java-spanner-jdbc)
from 2.15.4 to 2.15.5.
&lt;details&gt;
&lt;summary&gt;Release notes&lt;/summary&gt;
&lt;p&gt;&lt;em&gt;Sourced from &lt;a
href=&quot;https://github.com/googleapis/java-spanner-jdbc/releases&quot;&gt;com.google.cloud:google-cloud-spanner-jdbc&apos;s
releases&lt;/a&gt;.&lt;/em&gt;&lt;/p&gt;
&lt;blockquote&gt;
&lt;h2&gt;v2.15.5&lt;/h2&gt;
&lt;h2&gt;&lt;a
href=&quot;https://github.com/googleapis/java-spanner-jdbc/compare/v2.15.4...v2.15.5&quot;&gt;2.15.5&lt;/a&gt;
(2024-02-21)&lt;/h2&gt;
&lt;h3&gt;Dependencies&lt;/h3&gt;
&lt;ul&gt;
&lt;li&gt;Update dependency com.google.cloud:google-cloud-spanner-bom to
v6.60.0 (&lt;a
href=&quot;https://redirect.github.com/googleapis/java-spanner-jdbc/issues/1508&quot;&gt;#1508&lt;/a&gt;)
(&lt;a
href=&quot;https://github.com/googleapis/java-spanner-jdbc/commit/0f7e59c7aabdb9fe69fde23f35c5451d19332076&quot;&gt;0f7e59c&lt;/a&gt;)&lt;/li&gt;
&lt;li&gt;Update dependency org.postgresql:postgresql to v42.7.2 (&lt;a
href=&quot;https://redirect.github.com/googleapis/java-spanner-jdbc/issues/1503&quot;&gt;#1503&lt;/a&gt;)
(&lt;a
href=&quot;https://github.com/googleapis/java-spanner-jdbc/commit/dd5142faab667817b9fe6bff7f0388c5e43e7dee&quot;&gt;dd5142f&lt;/a&gt;)&lt;/li&gt;
&lt;li&gt;Update dependency org.postgresql:postgresql to v42.7.2 [security]
(&lt;a
href=&quot;https://redirect.github.com/googleapis/java-spanner-jdbc/issues/1507&quot;&gt;#1507&lt;/a&gt;)
(&lt;a
href=&quot;https://github.com/googleapis/java-spanner-jdbc/commit/caacd056f245f1cf57119653627b0c5097730f41&quot;&gt;caacd05&lt;/a&gt;)&lt;/li&gt;
&lt;li&gt;Update dependency org.springframework.data:spring-data-bom to
v2023.1.3 (&lt;a
href=&quot;https://redirect.github.com/googleapis/java-spanner-jdbc/issues/1499&quot;&gt;#1499&lt;/a&gt;)
(&lt;a
href=&quot;https://github.com/googleapis/java-spanner-jdbc/commit/34151b6cae097c97fc49839e2594f5adbd6393c3&quot;&gt;34151b6&lt;/a&gt;)&lt;/li&gt;
&lt;/ul&gt;
&lt;/blockquote&gt;
&lt;/details&gt;
&lt;details&gt;
&lt;summary&gt;Changelog&lt;/summary&gt;
&lt;p&gt;&lt;em&gt;Sourced from &lt;a
href=&quot;https://github.com/googleapis/java-spanner-jdbc/blob/main/CHANGELOG.md&quot;&gt;com.google.cloud:google-cloud-spanner-jdbc&apos;s
changelog&lt;/a&gt;.&lt;/em&gt;&lt;/p&gt;
&lt;blockquote&gt;
&lt;h2&gt;&lt;a
href=&quot;https://github.com/googleapis/java-spanner-jdbc/compare/v2.15.4...v2.15.5&quot;&gt;2.15.5&lt;/a&gt;
(2024-02-21)&lt;/h2&gt;
&lt;h3&gt;Dependencies&lt;/h3&gt;
&lt;ul&gt;
&lt;li&gt;Update dependency com.google.cloud:google-cloud-spanner-bom to
v6.60.0 (&lt;a
href=&quot;https://redirect.github.com/googleapis/java-spanner-jdbc/issues/1508&quot;&gt;#1508&lt;/a&gt;)
(&lt;a
href=&quot;https://github.com/googleapis/java-spanner-jdbc/commit/0f7e59c7aabdb9fe69fde23f35c5451d19332076&quot;&gt;0f7e59c&lt;/a&gt;)&lt;/li&gt;
&lt;li&gt;Update dependency org.postgresql:postgresql to v42.7.2 (&lt;a
href=&quot;https://redirect.github.com/googleapis/java-spanner-jdbc/issues/1503&quot;&gt;#1503&lt;/a&gt;)
(&lt;a
href=&quot;https://github.com/googleapis/java-spanner-jdbc/commit/dd5142faab667817b9fe6bff7f0388c5e43e7dee&quot;&gt;dd5142f&lt;/a&gt;)&lt;/li&gt;
&lt;li&gt;Update dependency org.postgresql:postgresql to v42.7.2 [security]
(&lt;a
href=&quot;https://redirect.github.com/googleapis/java-spanner-jdbc/issues/1507&quot;&gt;#1507&lt;/a&gt;)
(&lt;a
href=&quot;https://github.com/googleapis/java-spanner-jdbc/commit/caacd056f245f1cf57119653627b0c5097730f41&quot;&gt;caacd05&lt;/a&gt;)&lt;/li&gt;
&lt;li&gt;Update dependency org.springframework.data:spring-data-bom to
v2023.1.3 (&lt;a
href=&quot;https://redirect.github.com/googleapis/java-spanner-jdbc/issues/1499&quot;&gt;#1499&lt;/a&gt;)
(&lt;a
href=&quot;https://github.com/googleapis/java-spanner-jdbc/commit/34151b6cae097c97fc49839e2594f5adbd6393c3&quot;&gt;34151b6&lt;/a&gt;)&lt;/li&gt;
&lt;/ul&gt;
&lt;/blockquote&gt;
&lt;/details&gt;
&lt;details&gt;
&lt;summary&gt;Commits&lt;/summary&gt;
&lt;ul&gt;
&lt;li&gt;&lt;a
href=&quot;https://github.com/googleapis/java-spanner-jdbc/commit/6768a197459558bc750c2e6291daf8f49b3f4c70&quot;&gt;&lt;code&gt;6768a19&lt;/code&gt;&lt;/a&gt;
chore(main): release 2.15.5 (&lt;a
href=&quot;https://redirect.github.com/googleapis/java-spanner-jdbc/issues/1500&quot;&gt;#1500&lt;/a&gt;)&lt;/li&gt;
&lt;li&gt;&lt;a
href=&quot;https://github.com/googleapis/java-spanner-jdbc/commit/0f7e59c7aabdb9fe69fde23f35c5451d19332076&quot;&gt;&lt;code&gt;0f7e59c&lt;/code&gt;&lt;/a&gt;
deps: update dependency com.google.cloud:google-cloud-spanner-bom to
v6.60.0 ...&lt;/li&gt;
&lt;li&gt;&lt;a
href=&quot;https://github.com/googleapis/java-spanner-jdbc/commit/dd5142faab667817b9fe6bff7f0388c5e43e7dee&quot;&gt;&lt;code&gt;dd5142f&lt;/code&gt;&lt;/a&gt;
deps: update dependency org.postgresql:postgresql to v42.7.2 (&lt;a
href=&quot;https://redirect.github.com/googleapis/java-spanner-jdbc/issues/1503&quot;&gt;#1503&lt;/a&gt;)&lt;/li&gt;
&lt;li&gt;&lt;a
href=&quot;https://github.com/googleapis/java-spanner-jdbc/commit/6b3217163006adf1299c9fb3af83f7c9a826633b&quot;&gt;&lt;code&gt;6b32171&lt;/code&gt;&lt;/a&gt;
build(deps): update dependency
org.apache.maven.plugins:maven-shade-plugin to...&lt;/li&gt;
&lt;li&gt;&lt;a
href=&quot;https://github.com/googleapis/java-spanner-jdbc/commit/caacd056f245f1cf57119653627b0c5097730f41&quot;&gt;&lt;code&gt;caacd05&lt;/code&gt;&lt;/a&gt;
deps: update dependency org.postgresql:postgresql to v42.7.2 [security]
(&lt;a
href=&quot;https://redirect.github.com/googleapis/java-spanner-jdbc/issues/1507&quot;&gt;#1507&lt;/a&gt;)&lt;/li&gt;
&lt;li&gt;&lt;a
href=&quot;https://github.com/googleapis/java-spanner-jdbc/commit/910a130a02f72c4d8764f12e347f6c3d1bd51b2b&quot;&gt;&lt;code&gt;910a130&lt;/code&gt;&lt;/a&gt;
test(deps): update dependency com.google.truth:truth to v1.4.1 (&lt;a
href=&quot;https://redirect.github.com/googleapis/java-spanner-jdbc/issues/1502&quot;&gt;#1502&lt;/a&gt;)&lt;/li&gt;
&lt;li&gt;&lt;a
href=&quot;https://github.com/googleapis/java-spanner-jdbc/commit/ed74d176ce30ebc1a49b6098752068d7a6c88533&quot;&gt;&lt;code&gt;ed74d17&lt;/code&gt;&lt;/a&gt;
test(deps): update dependency com.google.truth:truth to v1.4.1 (&lt;a
href=&quot;https://redirect.github.com/googleapis/java-spanner-jdbc/issues/1501&quot;&gt;#1501&lt;/a&gt;)&lt;/li&gt;
&lt;li&gt;&lt;a
href=&quot;https://github.com/googleapis/java-spanner-jdbc/commit/34151b6cae097c97fc49839e2594f5adbd6393c3&quot;&gt;&lt;code&gt;34151b6&lt;/code&gt;&lt;/a&gt;
deps: update dependency org.springframework.data:spring-data-bom to
v2023.1.3...&lt;/li&gt;
&lt;li&gt;&lt;a
href=&quot;https://github.com/googleapis/java-spanner-jdbc/commit/67cf4cfabdba4585899e1c64654eff524d63efd3&quot;&gt;&lt;code&gt;67cf4cf&lt;/code&gt;&lt;/a&gt;
chore(deps): update dependency
com.google.cloud:google-cloud-spanner-jdbc to ...&lt;/li&gt;
&lt;li&gt;&lt;a
href=&quot;https://github.com/googleapis/java-spanner-jdbc/commit/aad2743177737873d2d79ce35e1461ad7932d128&quot;&gt;&lt;code&gt;aad2743&lt;/code&gt;&lt;/a&gt;
chore(main): release 2.15.5-SNAPSHOT (&lt;a
href=&quot;https://redirect.github.com/googleapis/java-spanner-jdbc/issues/1497&quot;&gt;#1497&lt;/a&gt;)&lt;/li&gt;
&lt;li&gt;See full diff in &lt;a
href=&quot;https://github.com/googleapis/java-spanner-jdbc/compare/v2.15.4...v2.15.5&quot;&gt;compare
view&lt;/a&gt;&lt;/li&gt;
&lt;/ul&gt;
&lt;/details&gt;
&lt;br /&gt;


[![Dependabot compatibility
score](https://dependabot-badges.githubapp.com/badges/compatibility_score?dependency-name=com.google.cloud:google-cloud-spanner-jdbc&amp;package-manager=maven&amp;previous-version=2.15.4&amp;new-version=2.15.5)](https://docs.github.com/en/github/managing-security-vulnerabilities/about-dependabot-security-updates#about-compatibility-scores)

Dependabot will resolve any conflicts with this PR as long as you don&apos;t
alter it yourself. You can also trigger a rebase manually by commenting
`@dependabot rebase`.

[//]: # (dependabot-automerge-start)
[//]: # (dependabot-automerge-end)

---

&lt;details&gt;
&lt;summary&gt;Dependabot commands and options&lt;/summary&gt;
&lt;br /&gt;

You can trigger Dependabot actions by commenting on this PR:
- `@dependabot rebase` will rebase this PR
- `@dependabot recreate` will recreate this PR, overwriting any edits
that have been made to it
- `@dependabot merge` will merge this PR after your CI passes on it
- `@dependabot squash and merge` will squash and merge this PR after
your CI passes on it
- `@dependabot cancel merge` will cancel a previously requested merge
and block automerging
- `@dependabot reopen` will reopen this PR if it is closed
- `@dependabot close` will close this PR and stop Dependabot recreating
it. You can achieve the same result by closing it manually
- `@dependabot show &lt;dependency name&gt; ignore conditions` will show all
of the ignore conditions of the specified dependency
- `@dependabot ignore this major version` will close this PR and stop
Dependabot creating any more for this major version (unless you reopen
the PR or upgrade to it yourself)
- `@dependabot ignore this minor version` will close this PR and stop
Dependabot creating any more for this minor version (unless you reopen
the PR or upgrade to it yourself)
- `@dependabot ignore this dependency` will close this PR and stop
Dependabot creating any more for this dependency (unless you reopen the
PR or upgrade to it yourself)


&lt;/details&gt;

Signed-off-by: dependabot[bot] &lt;support@github.com&gt;
Co-authored-by: dependabot[bot] &lt;49699333+dependabot[bot]@users.noreply.github.com&gt;"/>
    <property name="git.commit.message.short" value="Bump com.google.cloud:google-cloud-spanner-jdbc from 2.15.4 to 2.15.5 (#474)"/>
    <property name="user.country" value="US"/>
    <property name="java.home" value="/usr/lib/jvm/jdk-21-oracle-x64"/>
    <property name="java.vm.info" value="mixed mode, sharing"/>
    <property name="git.closest.tag.name" value=""/>
    <property name="os.version" value="5.5.10afterLDTV21+"/>
    <property name="git.build.host" value="ubuntu"/>
    <property name="git.tags" value=""/>
    <property name="path.separator" value=":"/>
    <property name="java.vm.version" value="21.0.2+13-LTS-58"/>
    <property name="git.local.branch.ahead" value="0"/>
    <property name="git.commit.user.email" value="49699333+dependabot[bot]@users.noreply.github.com"/>
    <property name="git.closest.tag.commit.count" value=""/>
    <property name="stderr.encoding" value="UTF-8"/>
    <property name="sun.io.unicode.encoding" value="UnicodeLittle"/>
    <property name="git.commit.id.full" value="d9bfb78eb879c84270f6d067175af34009e5bd9d"/>
    <property name="user.home" value="/home/rohit"/>
    <property name="java.version.date" value="2024-01-16"/>
    <property name="java.specification.vendor" value="Oracle Corporation"/>
    <property name="git.dirty" value="false"/>
    <property name="git.total.commit.count" value="1"/>
    <property name="java.library.path" value="/usr/java/packages/lib:/usr/lib64:/lib64:/lib:/usr/lib"/>
    <property name="java.vendor.url" value="https://java.oracle.com/"/>
    <property name="java.vm.vendor" value="Oracle Corporation"/>
    <property name="maven.home" value="/home/rohit/.m2/wrapper/dists/apache-maven-3.8.4-bin/52ccbt68d252mdldqsfsn03jlf/apache-maven-3.8.4"/>
    <property name="java.runtime.name" value="Java(TM) SE Runtime Environment"/>
    <property name="sun.java.command" value="org.apache.maven.wrapper.MavenWrapperMain clean package -P sqlite"/>
    <property name="java.class.path" value="/home/rohit/linux/v2-5.5.10/OSDI24_FlexSnap_scripts_plots/scripts/sqlite/benchbase/.mvn/wrapper/maven-wrapper.jar"/>
    <property name="native.encoding" value="UTF-8"/>
    <property name="jdk.debug" value="release"/>
    <property name="java.vm.specification.name" value="Java Virtual Machine Specification"/>
    <property name="java.vm.specification.version" value="21"/>
    <property name="sun.cpu.endian" value="little"/>
    <property name="java.io.tmpdir" value="/tmp"/>
    <property name="java.vendor.url.bug" value="https://bugreport.java.com/bugreport/"/>
    <property name="maven.multiModuleProjectDirectory" value="/home/rohit/linux/v2-5.5.10/OSDI24_FlexSnap_scripts_plots/scripts/sqlite/benchbase"/>
    <property name="os.arch" value="amd64"/>
    <property name="git.commit.id.describe-short" value="d9bfb78"/>
    <property name="user.dir" value="/home/rohit/linux/v2-5.5.10/OSDI24_FlexSnap_scripts_plots/scripts/sqlite/benchbase"/>
    <property name="git.commit.author.time" value="2024-02-22T23:14:21+0530"/>
    <property name="line.separator" value="
"/>
    <property name="git.commit.committer.time" value="2024-02-22T23:14:21+0530"/>
    <property name="java.vm.name" value="Java HotSpot(TM) 64-Bit Server VM"/>
    <property name="git.commit.user.name" value="dependabot[bot]"/>
    <property name="git.commit.time" value="2024-02-22T23:14:21+0530"/>
    <property name="file.encoding" value="UTF-8"/>
    <property name="git.branch" value="main"/>
    <property name="git.build.time" value="2024-02-23T14:28:27+0530"/>
    <property name="java.specification.version" value="21"/>
    <property name="git.build.user.email" value="rohitsd1409@gmail.com"/>
    <property name="git.commit.id.abbrev" value="d9bfb78"/>
  </properties>
  <testcase classname="com.oltpbenchmark.util.TestFileUtil" name="testIncrementFileNames" time="0.005"/>
</testsuite>